****                   ADMIXTURE Version 1.3.0                  ****
****                    Copyright 2008-2015                     ****
****           David Alexander, Suyash Shringarpure,            ****
****                John  Novembre, Ken Lange                   ****
****                                                            ****
****                 Please cite our paper!                     ****
****   Information at www.genetics.ucla.edu/software/admixture  ****

Cross-validation will be performed.  Folds=3.
Parallel execution requested.  Will use 2 threads.
Random seed: 43
Point estimation method: Block relaxation algorithm
Convergence acceleration algorithm: QuasiNewton, 3 secant conditions
Point estimation will terminate when objective function delta < 0.0001
Estimation of standard errors disabled; will compute point estimates only.
Size of G: 2309x61715
Performing five EM steps to prime main algorithm
1 (EM) 	Elapsed: 94.254	Loglikelihood: -7.25918e+07	(delta): 1.35552e+08
2 (EM) 	Elapsed: 96.098	Loglikelihood: -6.87332e+07	(delta): 3.85855e+06
3 (EM) 	Elapsed: 96.382	Loglikelihood: -6.82778e+07	(delta): 455381
4 (EM) 	Elapsed: 96.056	Loglikelihood: -6.80585e+07	(delta): 219352
5 (EM) 	Elapsed: 94.155	Loglikelihood: -6.78967e+07	(delta): 161732
Initial loglikelihood: -6.78967e+07
Starting main algorithm
1 (QN/Block) 	Elapsed: 196.327	Loglikelihood: -6.31505e+07	(delta): 4.74621e+06
2 (QN/Block) 	Elapsed: 197.859	Loglikelihood: -6.20481e+07	(delta): 1.10241e+06
3 (QN/Block) 	Elapsed: 203.907	Loglikelihood: -6.1685e+07	(delta): 363146
4 (QN/Block) 	Elapsed: 215.553	Loglikelihood: -6.15254e+07	(delta): 159603
5 (QN/Block) 	Elapsed: 205.887	Loglikelihood: -6.14836e+07	(delta): 41780.6
6 (QN/Block) 	Elapsed: 203.268	Loglikelihood: -6.14552e+07	(delta): 28359
7 (QN/Block) 	Elapsed: 210.561	Loglikelihood: -6.14466e+07	(delta): 8633.55
8 (QN/Block) 	Elapsed: 205.232	Loglikelihood: -6.14431e+07	(delta): 3533.72
9 (QN/Block) 	Elapsed: 204.521	Loglikelihood: -6.14418e+07	(delta): 1312.56
10 (QN/Block) 	Elapsed: 204.73	Loglikelihood: -6.14395e+07	(delta): 2283.32
11 (QN/Block) 	Elapsed: 209.627	Loglikelihood: -6.14375e+07	(delta): 2020.6
12 (QN/Block) 	Elapsed: 204.237	Loglikelihood: -6.14355e+07	(delta): 1949.97
13 (QN/Block) 	Elapsed: 205.13	Loglikelihood: -6.14325e+07	(delta): 2986.17
14 (QN/Block) 	Elapsed: 204.712	Loglikelihood: -6.14276e+07	(delta): 4929.41
15 (QN/Block) 	Elapsed: 208.476	Loglikelihood: -6.14174e+07	(delta): 10166.6
16 (QN/Block) 	Elapsed: 206.166	Loglikelihood: -6.14133e+07	(delta): 4142.52
17 (QN/Block) 	Elapsed: 204.243	Loglikelihood: -6.14088e+07	(delta): 4519.94
18 (QN/Block) 	Elapsed: 208.641	Loglikelihood: -6.14024e+07	(delta): 6334.56
19 (QN/Block) 	Elapsed: 212.74	Loglikelihood: -6.1396e+07	(delta): 6400.22
20 (QN/Block) 	Elapsed: 203.637	Loglikelihood: -6.13936e+07	(delta): 2400.54
21 (QN/Block) 	Elapsed: 204.818	Loglikelihood: -6.13922e+07	(delta): 1382.8
22 (QN/Block) 	Elapsed: 208.939	Loglikelihood: -6.13912e+07	(delta): 1025.66
23 (QN/Block) 	Elapsed: 208.394	Loglikelihood: -6.13905e+07	(delta): 702.245
24 (QN/Block) 	Elapsed: 207.786	Loglikelihood: -6.139e+07	(delta): 518.106
25 (QN/Block) 	Elapsed: 204.147	Loglikelihood: -6.13896e+07	(delta): 394.318
26 (QN/Block) 	Elapsed: 205.553	Loglikelihood: -6.13894e+07	(delta): 213.135
27 (QN/Block) 	Elapsed: 207.054	Loglikelihood: -6.13892e+07	(delta): 161.604
28 (QN/Block) 	Elapsed: 207.97	Loglikelihood: -6.13891e+07	(delta): 97.6896
29 (QN/Block) 	Elapsed: 204.063	Loglikelihood: -6.13891e+07	(delta): 34.9904
30 (QN/Block) 	Elapsed: 204.586	Loglikelihood: -6.13891e+07	(delta): 19.6335
31 (QN/Block) 	Elapsed: 204.622	Loglikelihood: -6.13891e+07	(delta): 11.8664
32 (QN/Block) 	Elapsed: 205.13	Loglikelihood: -6.1389e+07	(delta): 10.8395
33 (QN/Block) 	Elapsed: 209.131	Loglikelihood: -6.1389e+07	(delta): 9.48525
34 (QN/Block) 	Elapsed: 208.269	Loglikelihood: -6.1389e+07	(delta): 1.69664
35 (QN/Block) 	Elapsed: 204.522	Loglikelihood: -6.1389e+07	(delta): 1.25574
36 (QN/Block) 	Elapsed: 205.16	Loglikelihood: -6.1389e+07	(delta): 0.863063
37 (QN/Block) 	Elapsed: 207.844	Loglikelihood: -6.1389e+07	(delta): 0.333991
38 (QN/Block) 	Elapsed: 203.47	Loglikelihood: -6.1389e+07	(delta): 0.225016
39 (QN/Block) 	Elapsed: 205.678	Loglikelihood: -6.1389e+07	(delta): 0.108085
40 (QN/Block) 	Elapsed: 203.818	Loglikelihood: -6.1389e+07	(delta): 0.0475034
41 (QN/Block) 	Elapsed: 203.426	Loglikelihood: -6.1389e+07	(delta): 0.0522949
42 (QN/Block) 	Elapsed: 211.69	Loglikelihood: -6.1389e+07	(delta): 0.0242268
43 (QN/Block) 	Elapsed: 216.807	Loglikelihood: -6.1389e+07	(delta): 0.0271145
44 (QN/Block) 	Elapsed: 204.219	Loglikelihood: -6.1389e+07	(delta): 0.0638416
45 (QN/Block) 	Elapsed: 204.322	Loglikelihood: -6.1389e+07	(delta): 0.106904
46 (QN/Block) 	Elapsed: 209.035	Loglikelihood: -6.1389e+07	(delta): 0.301941
47 (QN/Block) 	Elapsed: 205.024	Loglikelihood: -6.1389e+07	(delta): 0.346938
48 (QN/Block) 	Elapsed: 214.714	Loglikelihood: -6.1389e+07	(delta): 0.157114
49 (QN/Block) 	Elapsed: 217.143	Loglikelihood: -6.1389e+07	(delta): 0.181759
50 (QN/Block) 	Elapsed: 216.866	Loglikelihood: -6.1389e+07	(delta): 0.23596
51 (QN/Block) 	Elapsed: 216.505	Loglikelihood: -6.1389e+07	(delta): 0.311679
52 (QN/Block) 	Elapsed: 215.931	Loglikelihood: -6.1389e+07	(delta): 0.427287
53 (QN/Block) 	Elapsed: 216.854	Loglikelihood: -6.1389e+07	(delta): 0.616398
54 (QN/Block) 	Elapsed: 216.313	Loglikelihood: -6.1389e+07	(delta): 0.922212
55 (QN/Block) 	Elapsed: 216.359	Loglikelihood: -6.1389e+07	(delta): 1.31893
56 (QN/Block) 	Elapsed: 215.55	Loglikelihood: -6.1389e+07	(delta): 1.12068
57 (QN/Block) 	Elapsed: 208.633	Loglikelihood: -6.1389e+07	(delta): 0.750614
58 (QN/Block) 	Elapsed: 212.629	Loglikelihood: -6.1389e+07	(delta): 0.435447
59 (QN/Block) 	Elapsed: 204.656	Loglikelihood: -6.1389e+07	(delta): 0.263129
60 (QN/Block) 	Elapsed: 205.494	Loglikelihood: -6.1389e+07	(delta): 0.0261519
61 (QN/Block) 	Elapsed: 204.614	Loglikelihood: -6.1389e+07	(delta): 0.00532833
62 (QN/Block) 	Elapsed: 205.429	Loglikelihood: -6.1389e+07	(delta): 0.00158116
63 (QN/Block) 	Elapsed: 204.051	Loglikelihood: -6.1389e+07	(delta): 0.00052987
64 (QN/Block) 	Elapsed: 204.565	Loglikelihood: -6.1389e+07	(delta): 0.000143409
65 (QN/Block) 	Elapsed: 203.564	Loglikelihood: -6.1389e+07	(delta): 4.36902e-05
Summary: 
Converged in 65 iterations (14242.1 sec)
Loglikelihood: -61389025.498967
Fst divergences between estimated populations: 
	Pop0	Pop1	Pop2	Pop3	Pop4	Pop5	Pop6	Pop7	
Pop0	
Pop1	0.098	
Pop2	0.062	0.081	
Pop3	0.076	0.087	0.042	
Pop4	0.021	0.097	0.060	0.075	
Pop5	0.068	0.069	0.042	0.027	0.067	
Pop6	0.100	0.018	0.082	0.089	0.098	0.070	
Pop7	0.085	0.127	0.093	0.097	0.089	0.086	0.126	
Pop8	0.077	0.080	0.040	0.019	0.075	0.020	0.082	0.103	
CV error (K=9): 0.24880
Writing output files.
