****                   ADMIXTURE Version 1.3.0                  ****
****                    Copyright 2008-2015                     ****
****           David Alexander, Suyash Shringarpure,            ****
****                John  Novembre, Ken Lange                   ****
****                                                            ****
****                 Please cite our paper!                     ****
****   Information at www.genetics.ucla.edu/software/admixture  ****

Cross-validation will be performed.  Folds=3.
Parallel execution requested.  Will use 2 threads.
Random seed: 43
Point estimation method: Block relaxation algorithm
Convergence acceleration algorithm: QuasiNewton, 3 secant conditions
Point estimation will terminate when objective function delta < 0.0001
Estimation of standard errors disabled; will compute point estimates only.
Size of G: 2309x61715
Performing five EM steps to prime main algorithm
1 (EM) 	Elapsed: 108.634	Loglikelihood: -7.25575e+07	(delta): 1.34564e+08
2 (EM) 	Elapsed: 111.312	Loglikelihood: -6.86796e+07	(delta): 3.87791e+06
3 (EM) 	Elapsed: 111.711	Loglikelihood: -6.82379e+07	(delta): 441713
4 (EM) 	Elapsed: 108.286	Loglikelihood: -6.80303e+07	(delta): 207621
5 (EM) 	Elapsed: 112.196	Loglikelihood: -6.78763e+07	(delta): 153980
Initial loglikelihood: -6.78763e+07
Starting main algorithm
1 (QN/Block) 	Elapsed: 222.432	Loglikelihood: -6.27151e+07	(delta): 5.16122e+06
2 (QN/Block) 	Elapsed: 220.668	Loglikelihood: -6.17972e+07	(delta): 917935
3 (QN/Block) 	Elapsed: 229.492	Loglikelihood: -6.15375e+07	(delta): 259631
4 (QN/Block) 	Elapsed: 230.065	Loglikelihood: -6.1428e+07	(delta): 109512
5 (QN/Block) 	Elapsed: 240.859	Loglikelihood: -6.13973e+07	(delta): 30674.5
6 (QN/Block) 	Elapsed: 233.572	Loglikelihood: -6.13864e+07	(delta): 10895
7 (QN/Block) 	Elapsed: 233.499	Loglikelihood: -6.13816e+07	(delta): 4881.76
8 (QN/Block) 	Elapsed: 237.286	Loglikelihood: -6.13783e+07	(delta): 3252.23
9 (QN/Block) 	Elapsed: 229.242	Loglikelihood: -6.13762e+07	(delta): 2117.8
10 (QN/Block) 	Elapsed: 233.005	Loglikelihood: -6.13681e+07	(delta): 8140.42
11 (QN/Block) 	Elapsed: 232.736	Loglikelihood: -6.13602e+07	(delta): 7842.03
12 (QN/Block) 	Elapsed: 229.711	Loglikelihood: -6.1354e+07	(delta): 6167.73
13 (QN/Block) 	Elapsed: 233.048	Loglikelihood: -6.13491e+07	(delta): 4936.99
14 (QN/Block) 	Elapsed: 233.542	Loglikelihood: -6.13467e+07	(delta): 2435.45
15 (QN/Block) 	Elapsed: 237.975	Loglikelihood: -6.1345e+07	(delta): 1719.94
16 (QN/Block) 	Elapsed: 229.817	Loglikelihood: -6.13439e+07	(delta): 1094.62
17 (QN/Block) 	Elapsed: 229.299	Loglikelihood: -6.13422e+07	(delta): 1620.69
18 (QN/Block) 	Elapsed: 228.98	Loglikelihood: -6.13412e+07	(delta): 1086.04
19 (QN/Block) 	Elapsed: 229.432	Loglikelihood: -6.13403e+07	(delta): 854.648
20 (QN/Block) 	Elapsed: 241.963	Loglikelihood: -6.13399e+07	(delta): 417.87
21 (QN/Block) 	Elapsed: 241.053	Loglikelihood: -6.13395e+07	(delta): 411.035
22 (QN/Block) 	Elapsed: 241.769	Loglikelihood: -6.1339e+07	(delta): 431.722
23 (QN/Block) 	Elapsed: 241.549	Loglikelihood: -6.13386e+07	(delta): 453.391
24 (QN/Block) 	Elapsed: 241.433	Loglikelihood: -6.13381e+07	(delta): 486.691
25 (QN/Block) 	Elapsed: 241.334	Loglikelihood: -6.13376e+07	(delta): 531.58
26 (QN/Block) 	Elapsed: 242.119	Loglikelihood: -6.1337e+07	(delta): 573.358
27 (QN/Block) 	Elapsed: 241.074	Loglikelihood: -6.13364e+07	(delta): 598.17
28 (QN/Block) 	Elapsed: 241.797	Loglikelihood: -6.13353e+07	(delta): 1067.98
29 (QN/Block) 	Elapsed: 241.103	Loglikelihood: -6.13341e+07	(delta): 1269.19
30 (QN/Block) 	Elapsed: 241.113	Loglikelihood: -6.13332e+07	(delta): 811.359
31 (QN/Block) 	Elapsed: 239.062	Loglikelihood: -6.13323e+07	(delta): 950.4
32 (QN/Block) 	Elapsed: 237.416	Loglikelihood: -6.13315e+07	(delta): 822.301
33 (QN/Block) 	Elapsed: 241.683	Loglikelihood: -6.13305e+07	(delta): 987.762
34 (QN/Block) 	Elapsed: 229.305	Loglikelihood: -6.13293e+07	(delta): 1165.83
35 (QN/Block) 	Elapsed: 229.938	Loglikelihood: -6.13279e+07	(delta): 1370.25
36 (QN/Block) 	Elapsed: 229.632	Loglikelihood: -6.1327e+07	(delta): 981.515
37 (QN/Block) 	Elapsed: 234.447	Loglikelihood: -6.1326e+07	(delta): 964.179
38 (QN/Block) 	Elapsed: 229.649	Loglikelihood: -6.13255e+07	(delta): 540.062
39 (QN/Block) 	Elapsed: 228.954	Loglikelihood: -6.1325e+07	(delta): 450.583
40 (QN/Block) 	Elapsed: 229.203	Loglikelihood: -6.13245e+07	(delta): 510.242
41 (QN/Block) 	Elapsed: 228.914	Loglikelihood: -6.1324e+07	(delta): 522.903
42 (QN/Block) 	Elapsed: 229.253	Loglikelihood: -6.13231e+07	(delta): 894.206
43 (QN/Block) 	Elapsed: 233.349	Loglikelihood: -6.13222e+07	(delta): 872.751
44 (QN/Block) 	Elapsed: 237.419	Loglikelihood: -6.13218e+07	(delta): 378.206
45 (QN/Block) 	Elapsed: 229.673	Loglikelihood: -6.13217e+07	(delta): 146.541
46 (QN/Block) 	Elapsed: 230.387	Loglikelihood: -6.13217e+07	(delta): 30.1227
47 (QN/Block) 	Elapsed: 229.083	Loglikelihood: -6.13216e+07	(delta): 14.257
48 (QN/Block) 	Elapsed: 229.66	Loglikelihood: -6.13216e+07	(delta): 14.4711
49 (QN/Block) 	Elapsed: 229.381	Loglikelihood: -6.13216e+07	(delta): 11.6716
50 (QN/Block) 	Elapsed: 242.093	Loglikelihood: -6.13216e+07	(delta): 10.6157
51 (QN/Block) 	Elapsed: 241.465	Loglikelihood: -6.13216e+07	(delta): 10.5643
52 (QN/Block) 	Elapsed: 237.75	Loglikelihood: -6.13216e+07	(delta): 4.13568
53 (QN/Block) 	Elapsed: 228.744	Loglikelihood: -6.13216e+07	(delta): 3.15611
54 (QN/Block) 	Elapsed: 233.402	Loglikelihood: -6.13216e+07	(delta): 2.16066
55 (QN/Block) 	Elapsed: 237.633	Loglikelihood: -6.13216e+07	(delta): 2.33946
56 (QN/Block) 	Elapsed: 233.879	Loglikelihood: -6.13216e+07	(delta): 1.62364
57 (QN/Block) 	Elapsed: 229.473	Loglikelihood: -6.13216e+07	(delta): 2.48913
58 (QN/Block) 	Elapsed: 229.486	Loglikelihood: -6.13216e+07	(delta): 2.07024
59 (QN/Block) 	Elapsed: 233.216	Loglikelihood: -6.13216e+07	(delta): 2.37288
60 (QN/Block) 	Elapsed: 237.479	Loglikelihood: -6.13216e+07	(delta): 1.28822
61 (QN/Block) 	Elapsed: 238.111	Loglikelihood: -6.13216e+07	(delta): 0.591931
62 (QN/Block) 	Elapsed: 240.729	Loglikelihood: -6.13216e+07	(delta): 0.268028
63 (QN/Block) 	Elapsed: 242.109	Loglikelihood: -6.13216e+07	(delta): 0.196345
64 (QN/Block) 	Elapsed: 240.964	Loglikelihood: -6.13216e+07	(delta): 0.196813
65 (QN/Block) 	Elapsed: 241.175	Loglikelihood: -6.13216e+07	(delta): 0.193407
66 (QN/Block) 	Elapsed: 237.386	Loglikelihood: -6.13216e+07	(delta): 0.230772
67 (QN/Block) 	Elapsed: 241.238	Loglikelihood: -6.13216e+07	(delta): 0.733153
68 (QN/Block) 	Elapsed: 241.577	Loglikelihood: -6.13216e+07	(delta): 0.0349338
69 (QN/Block) 	Elapsed: 233.172	Loglikelihood: -6.13216e+07	(delta): 0.0722836
70 (QN/Block) 	Elapsed: 233.388	Loglikelihood: -6.13216e+07	(delta): 0.0171125
71 (QN/Block) 	Elapsed: 242.063	Loglikelihood: -6.13216e+07	(delta): 0.00257736
72 (QN/Block) 	Elapsed: 229.962	Loglikelihood: -6.13216e+07	(delta): 0.00054498
73 (QN/Block) 	Elapsed: 229.223	Loglikelihood: -6.13216e+07	(delta): 5.20498e-05
Summary: 
Converged in 73 iterations (18012 sec)
Loglikelihood: -61321569.869005
Fst divergences between estimated populations: 
	Pop0	Pop1	Pop2	Pop3	Pop4	Pop5	Pop6	Pop7	Pop8	
Pop0	
Pop1	0.075	
Pop2	0.042	0.060	
Pop3	0.129	0.153	0.132	
Pop4	0.087	0.097	0.081	0.096	
Pop5	0.076	0.021	0.062	0.154	0.099	
Pop6	0.089	0.098	0.082	0.090	0.018	0.100	
Pop7	0.027	0.067	0.041	0.120	0.069	0.067	0.070	
Pop8	0.097	0.089	0.093	0.178	0.126	0.085	0.126	0.085	
Pop9	0.019	0.075	0.040	0.125	0.080	0.077	0.082	0.019	0.103	
CV error (K=10): 0.24883
Writing output files.
