****                   ADMIXTURE Version 1.3.0                  ****
****                    Copyright 2008-2015                     ****
****           David Alexander, Suyash Shringarpure,            ****
****                John  Novembre, Ken Lange                   ****
****                                                            ****
****                 Please cite our paper!                     ****
****   Information at www.genetics.ucla.edu/software/admixture  ****

Cross-validation will be performed.  Folds=3.
Parallel execution requested.  Will use 2 threads.
Random seed: 43
Point estimation method: Block relaxation algorithm
Convergence acceleration algorithm: QuasiNewton, 3 secant conditions
Point estimation will terminate when objective function delta < 0.0001
Estimation of standard errors disabled; will compute point estimates only.
Size of G: 2309x61715
Performing five EM steps to prime main algorithm
1 (EM) 	Elapsed: 25.92	Loglikelihood: -7.06319e+07	(delta): 1.73529e+08
2 (EM) 	Elapsed: 25.838	Loglikelihood: -6.82345e+07	(delta): 2.39747e+06
3 (EM) 	Elapsed: 25.847	Loglikelihood: -6.77279e+07	(delta): 506542
4 (EM) 	Elapsed: 25.93	Loglikelihood: -6.74809e+07	(delta): 246985
5 (EM) 	Elapsed: 26.829	Loglikelihood: -6.73557e+07	(delta): 125292
Initial loglikelihood: -6.73557e+07
Starting main algorithm
1 (QN/Block) 	Elapsed: 68.14	Loglikelihood: -6.54444e+07	(delta): 1.91126e+06
2 (QN/Block) 	Elapsed: 70.19	Loglikelihood: -6.45619e+07	(delta): 882457
3 (QN/Block) 	Elapsed: 85.889	Loglikelihood: -6.42992e+07	(delta): 262707
4 (QN/Block) 	Elapsed: 79.759	Loglikelihood: -6.41136e+07	(delta): 185653
5 (QN/Block) 	Elapsed: 80.662	Loglikelihood: -6.40683e+07	(delta): 45306.3
6 (QN/Block) 	Elapsed: 75.603	Loglikelihood: -6.40657e+07	(delta): 2555.74
7 (QN/Block) 	Elapsed: 83.08	Loglikelihood: -6.40651e+07	(delta): 640.382
8 (QN/Block) 	Elapsed: 72.484	Loglikelihood: -6.40649e+07	(delta): 179.181
9 (QN/Block) 	Elapsed: 75.997	Loglikelihood: -6.40649e+07	(delta): 33.0355
10 (QN/Block) 	Elapsed: 75.586	Loglikelihood: -6.40649e+07	(delta): 0.19772
11 (QN/Block) 	Elapsed: 70.257	Loglikelihood: -6.40649e+07	(delta): 0.0179894
12 (QN/Block) 	Elapsed: 71.188	Loglikelihood: -6.40649e+07	(delta): 0.00449894
13 (QN/Block) 	Elapsed: 69.839	Loglikelihood: -6.40649e+07	(delta): 0.00113654
14 (QN/Block) 	Elapsed: 71.98	Loglikelihood: -6.40649e+07	(delta): 0.000401728
15 (QN/Block) 	Elapsed: 71.206	Loglikelihood: -6.40649e+07	(delta): 7.32914e-05
Summary: 
Converged in 15 iterations (1300.22 sec)
Loglikelihood: -64064868.373770
Fst divergences between estimated populations: 
	Pop0	
Pop0	
Pop1	0.071	
CV error (K=2): 0.26443
Writing output files.
