****                   ADMIXTURE Version 1.3.0                  ****
****                    Copyright 2008-2015                     ****
****           David Alexander, Suyash Shringarpure,            ****
****                John  Novembre, Ken Lange                   ****
****                                                            ****
****                 Please cite our paper!                     ****
****   Information at www.genetics.ucla.edu/software/admixture  ****

Cross-validation will be performed.  Folds=3.
Random seed: 43
Point estimation method: Block relaxation algorithm
Convergence acceleration algorithm: QuasiNewton, 3 secant conditions
Point estimation will terminate when objective function delta < 0.0001
Estimation of standard errors disabled; will compute point estimates only.
Size of G: 2309x5000
Performing five EM steps to prime main algorithm
1 (EM) 	Elapsed: 4.749	Loglikelihood: -5.81366e+06	(delta): 1.18268e+07
2 (EM) 	Elapsed: 4.76	Loglikelihood: -5.52331e+06	(delta): 290353
3 (EM) 	Elapsed: 4.747	Loglikelihood: -5.47928e+06	(delta): 44026.8
4 (EM) 	Elapsed: 4.883	Loglikelihood: -5.45488e+06	(delta): 24397.9
5 (EM) 	Elapsed: 4.766	Loglikelihood: -5.43749e+06	(delta): 17393.6
Initial loglikelihood: -5.43749e+06
Starting main algorithm
1 (QN/Block) 	Elapsed: 11.198	Loglikelihood: -5.10384e+06	(delta): 333644
2 (QN/Block) 	Elapsed: 11.056	Loglikelihood: -5.02451e+06	(delta): 79336.7
3 (QN/Block) 	Elapsed: 12.021	Loglikelihood: -4.99062e+06	(delta): 33889.9
4 (QN/Block) 	Elapsed: 12.356	Loglikelihood: -4.96886e+06	(delta): 21752.1
5 (QN/Block) 	Elapsed: 12.893	Loglikelihood: -4.95725e+06	(delta): 11615.1
6 (QN/Block) 	Elapsed: 11.997	Loglikelihood: -4.95318e+06	(delta): 4065.07
7 (QN/Block) 	Elapsed: 11.922	Loglikelihood: -4.95242e+06	(delta): 759.146
8 (QN/Block) 	Elapsed: 11.885	Loglikelihood: -4.95199e+06	(delta): 430.128
9 (QN/Block) 	Elapsed: 11.994	Loglikelihood: -4.95172e+06	(delta): 271.075
10 (QN/Block) 	Elapsed: 11.934	Loglikelihood: -4.95158e+06	(delta): 145.707
11 (QN/Block) 	Elapsed: 12.084	Loglikelihood: -4.95147e+06	(delta): 104.612
12 (QN/Block) 	Elapsed: 12.361	Loglikelihood: -4.95144e+06	(delta): 35.8997
13 (QN/Block) 	Elapsed: 11.964	Loglikelihood: -4.95141e+06	(delta): 28.9421
14 (QN/Block) 	Elapsed: 12.305	Loglikelihood: -4.95138e+06	(delta): 30.1181
15 (QN/Block) 	Elapsed: 12.394	Loglikelihood: -4.95135e+06	(delta): 24.3281
16 (QN/Block) 	Elapsed: 12.361	Loglikelihood: -4.95133e+06	(delta): 19.2719
17 (QN/Block) 	Elapsed: 11.999	Loglikelihood: -4.95132e+06	(delta): 9.61734
18 (QN/Block) 	Elapsed: 11.903	Loglikelihood: -4.95132e+06	(delta): 3.44583
19 (QN/Block) 	Elapsed: 11.921	Loglikelihood: -4.95132e+06	(delta): 3.97728
20 (QN/Block) 	Elapsed: 12.389	Loglikelihood: -4.95132e+06	(delta): 1.17302
21 (QN/Block) 	Elapsed: 12.307	Loglikelihood: -4.95132e+06	(delta): 0.249929
22 (QN/Block) 	Elapsed: 12.787	Loglikelihood: -4.95132e+06	(delta): 0.104682
23 (QN/Block) 	Elapsed: 12.141	Loglikelihood: -4.95132e+06	(delta): 0.0820517
24 (QN/Block) 	Elapsed: 11.93	Loglikelihood: -4.95132e+06	(delta): 0.0277963
25 (QN/Block) 	Elapsed: 12.381	Loglikelihood: -4.95132e+06	(delta): 0.0118826
26 (QN/Block) 	Elapsed: 13.217	Loglikelihood: -4.95132e+06	(delta): 0.0035785
27 (QN/Block) 	Elapsed: 13.165	Loglikelihood: -4.95132e+06	(delta): 0.00293142
28 (QN/Block) 	Elapsed: 13.323	Loglikelihood: -4.95132e+06	(delta): 0.00383559
29 (QN/Block) 	Elapsed: 13.249	Loglikelihood: -4.95132e+06	(delta): 0.00509478
30 (QN/Block) 	Elapsed: 13.128	Loglikelihood: -4.95132e+06	(delta): 0.00678401
31 (QN/Block) 	Elapsed: 13.24	Loglikelihood: -4.95132e+06	(delta): 0.00900669
32 (QN/Block) 	Elapsed: 13.189	Loglikelihood: -4.95132e+06	(delta): 0.0107622
33 (QN/Block) 	Elapsed: 13.143	Loglikelihood: -4.95132e+06	(delta): 0.00939323
34 (QN/Block) 	Elapsed: 12.04	Loglikelihood: -4.95132e+06	(delta): 0.00989463
35 (QN/Block) 	Elapsed: 13.165	Loglikelihood: -4.95132e+06	(delta): 0.00419308
36 (QN/Block) 	Elapsed: 13.195	Loglikelihood: -4.95132e+06	(delta): 0.00125932
37 (QN/Block) 	Elapsed: 11.91	Loglikelihood: -4.95132e+06	(delta): 0.00102092
38 (QN/Block) 	Elapsed: 11.992	Loglikelihood: -4.95132e+06	(delta): 7.87377e-05
Summary: 
Converged in 38 iterations (513.709 sec)
Loglikelihood: -4951315.831795
Fst divergences between estimated populations: 
	Pop0	Pop1	Pop2	Pop3	
Pop0	
Pop1	0.068	
Pop2	0.089	0.101	
Pop3	0.099	0.083	0.135	
Pop4	0.100	0.085	0.132	0.023	
CV error (K=5): 0.24805
Writing output files.
