****                   ADMIXTURE Version 1.3.0                  ****
****                    Copyright 2008-2015                     ****
****           David Alexander, Suyash Shringarpure,            ****
****                John  Novembre, Ken Lange                   ****
****                                                            ****
****                 Please cite our paper!                     ****
****   Information at www.genetics.ucla.edu/software/admixture  ****

Cross-validation will be performed.  Folds=3.
Parallel execution requested.  Will use 2 threads.
Random seed: 43
Point estimation method: Block relaxation algorithm
Convergence acceleration algorithm: QuasiNewton, 3 secant conditions
Point estimation will terminate when objective function delta < 0.0001
Estimation of standard errors disabled; will compute point estimates only.
Size of G: 2309x61715
Performing five EM steps to prime main algorithm
1 (EM) 	Elapsed: 65.072	Loglikelihood: -7.2612e+07	(delta): 1.40807e+08
2 (EM) 	Elapsed: 60.277	Loglikelihood: -6.89098e+07	(delta): 3.7022e+06
3 (EM) 	Elapsed: 61.151	Loglikelihood: -6.83763e+07	(delta): 533456
4 (EM) 	Elapsed: 61.05	Loglikelihood: -6.80917e+07	(delta): 284620
5 (EM) 	Elapsed: 62.929	Loglikelihood: -6.78861e+07	(delta): 205612
Initial loglikelihood: -6.78861e+07
Starting main algorithm
1 (QN/Block) 	Elapsed: 139.966	Loglikelihood: -6.32296e+07	(delta): 4.6565e+06
2 (QN/Block) 	Elapsed: 142.232	Loglikelihood: -6.21922e+07	(delta): 1.03738e+06
3 (QN/Block) 	Elapsed: 145.492	Loglikelihood: -6.19336e+07	(delta): 258592
4 (QN/Block) 	Elapsed: 152.964	Loglikelihood: -6.18005e+07	(delta): 133115
5 (QN/Block) 	Elapsed: 150.597	Loglikelihood: -6.17664e+07	(delta): 34060.7
6 (QN/Block) 	Elapsed: 144.921	Loglikelihood: -6.17328e+07	(delta): 33595.6
7 (QN/Block) 	Elapsed: 142.872	Loglikelihood: -6.17183e+07	(delta): 14543.2
8 (QN/Block) 	Elapsed: 139.646	Loglikelihood: -6.17082e+07	(delta): 10105.6
9 (QN/Block) 	Elapsed: 141.024	Loglikelihood: -6.16987e+07	(delta): 9523.08
10 (QN/Block) 	Elapsed: 142.556	Loglikelihood: -6.16881e+07	(delta): 10593.1
11 (QN/Block) 	Elapsed: 141.521	Loglikelihood: -6.16822e+07	(delta): 5863.59
12 (QN/Block) 	Elapsed: 143.827	Loglikelihood: -6.16786e+07	(delta): 3647.4
13 (QN/Block) 	Elapsed: 140.408	Loglikelihood: -6.16767e+07	(delta): 1845.42
14 (QN/Block) 	Elapsed: 139.437	Loglikelihood: -6.16759e+07	(delta): 851.55
15 (QN/Block) 	Elapsed: 141.114	Loglikelihood: -6.16753e+07	(delta): 527.719
16 (QN/Block) 	Elapsed: 141.717	Loglikelihood: -6.16748e+07	(delta): 535.009
17 (QN/Block) 	Elapsed: 140.358	Loglikelihood: -6.16727e+07	(delta): 2163.25
18 (QN/Block) 	Elapsed: 143.817	Loglikelihood: -6.16707e+07	(delta): 1912.17
19 (QN/Block) 	Elapsed: 150.757	Loglikelihood: -6.16674e+07	(delta): 3347.9
20 (QN/Block) 	Elapsed: 140.481	Loglikelihood: -6.16654e+07	(delta): 2038.76
21 (QN/Block) 	Elapsed: 139.632	Loglikelihood: -6.16636e+07	(delta): 1713.56
22 (QN/Block) 	Elapsed: 139.875	Loglikelihood: -6.16612e+07	(delta): 2446.15
23 (QN/Block) 	Elapsed: 146.543	Loglikelihood: -6.16569e+07	(delta): 4325.81
24 (QN/Block) 	Elapsed: 144.188	Loglikelihood: -6.16548e+07	(delta): 2048.28
25 (QN/Block) 	Elapsed: 141.257	Loglikelihood: -6.16537e+07	(delta): 1104.53
26 (QN/Block) 	Elapsed: 143.673	Loglikelihood: -6.16526e+07	(delta): 1086.37
27 (QN/Block) 	Elapsed: 150.582	Loglikelihood: -6.16519e+07	(delta): 754.798
28 (QN/Block) 	Elapsed: 149.063	Loglikelihood: -6.16514e+07	(delta): 484.888
29 (QN/Block) 	Elapsed: 147.562	Loglikelihood: -6.16511e+07	(delta): 257.515
30 (QN/Block) 	Elapsed: 145.816	Loglikelihood: -6.16508e+07	(delta): 321.69
31 (QN/Block) 	Elapsed: 147.561	Loglikelihood: -6.16507e+07	(delta): 92.8451
32 (QN/Block) 	Elapsed: 152.946	Loglikelihood: -6.16506e+07	(delta): 133.065
33 (QN/Block) 	Elapsed: 148.78	Loglikelihood: -6.16506e+07	(delta): 24.3455
34 (QN/Block) 	Elapsed: 144.984	Loglikelihood: -6.16506e+07	(delta): 6.43849
35 (QN/Block) 	Elapsed: 147.818	Loglikelihood: -6.16505e+07	(delta): 2.70063
36 (QN/Block) 	Elapsed: 150.719	Loglikelihood: -6.16505e+07	(delta): 0.76628
37 (QN/Block) 	Elapsed: 153.509	Loglikelihood: -6.16505e+07	(delta): 0.28191
38 (QN/Block) 	Elapsed: 150.97	Loglikelihood: -6.16505e+07	(delta): 0.0564108
39 (QN/Block) 	Elapsed: 155.621	Loglikelihood: -6.16505e+07	(delta): 0.012945
40 (QN/Block) 	Elapsed: 155.069	Loglikelihood: -6.16505e+07	(delta): 0.000227414
41 (QN/Block) 	Elapsed: 158.226	Loglikelihood: -6.16505e+07	(delta): 5.55068e-06
Summary: 
Converged in 41 iterations (6436.63 sec)
Loglikelihood: -61650547.942823
Fst divergences between estimated populations: 
	Pop0	Pop1	Pop2	Pop3	Pop4	
Pop0	
Pop1	0.021	
Pop2	0.098	0.096	
Pop3	0.073	0.071	0.079	
Pop4	0.083	0.088	0.122	0.095	
Pop5	0.062	0.060	0.080	0.037	0.091	
CV error (K=6): 0.24907
Writing output files.
