****                   ADMIXTURE Version 1.3.0                  ****
****                    Copyright 2008-2015                     ****
****           David Alexander, Suyash Shringarpure,            ****
****                John  Novembre, Ken Lange                   ****
****                                                            ****
****                 Please cite our paper!                     ****
****   Information at www.genetics.ucla.edu/software/admixture  ****

Cross-validation will be performed.  Folds=3.
Parallel execution requested.  Will use 2 threads.
Random seed: 43
Point estimation method: Block relaxation algorithm
Convergence acceleration algorithm: QuasiNewton, 3 secant conditions
Point estimation will terminate when objective function delta < 0.0001
Estimation of standard errors disabled; will compute point estimates only.
Size of G: 2309x61715
Performing five EM steps to prime main algorithm
1 (EM) 	Elapsed: 36.518	Loglikelihood: -7.18943e+07	(delta): 1.57853e+08
2 (EM) 	Elapsed: 35.131	Loglikelihood: -6.87505e+07	(delta): 3.14375e+06
3 (EM) 	Elapsed: 36.33	Loglikelihood: -6.81401e+07	(delta): 610464
4 (EM) 	Elapsed: 35.541	Loglikelihood: -6.78039e+07	(delta): 336149
5 (EM) 	Elapsed: 39.88	Loglikelihood: -6.75897e+07	(delta): 214193
Initial loglikelihood: -6.75897e+07
Starting main algorithm
1 (QN/Block) 	Elapsed: 99.883	Loglikelihood: -6.38538e+07	(delta): 3.73597e+06
2 (QN/Block) 	Elapsed: 90.454	Loglikelihood: -6.28933e+07	(delta): 960454
3 (QN/Block) 	Elapsed: 94.091	Loglikelihood: -6.25215e+07	(delta): 371806
4 (QN/Block) 	Elapsed: 92.099	Loglikelihood: -6.23765e+07	(delta): 145003
5 (QN/Block) 	Elapsed: 101.2	Loglikelihood: -6.23539e+07	(delta): 22632.1
6 (QN/Block) 	Elapsed: 95.865	Loglikelihood: -6.23506e+07	(delta): 3222.92
7 (QN/Block) 	Elapsed: 105.063	Loglikelihood: -6.23503e+07	(delta): 350.149
8 (QN/Block) 	Elapsed: 97.916	Loglikelihood: -6.23503e+07	(delta): 21.9793
9 (QN/Block) 	Elapsed: 94.669	Loglikelihood: -6.23503e+07	(delta): 0.784679
10 (QN/Block) 	Elapsed: 94.856	Loglikelihood: -6.23503e+07	(delta): 0.11187
11 (QN/Block) 	Elapsed: 95.57	Loglikelihood: -6.23503e+07	(delta): 0.0140576
12 (QN/Block) 	Elapsed: 98.124	Loglikelihood: -6.23503e+07	(delta): 0.00342409
13 (QN/Block) 	Elapsed: 93.209	Loglikelihood: -6.23503e+07	(delta): 0.000415906
14 (QN/Block) 	Elapsed: 95.249	Loglikelihood: -6.23503e+07	(delta): 0.000100359
15 (QN/Block) 	Elapsed: 90.202	Loglikelihood: -6.23503e+07	(delta): 1.43498e-05
Summary: 
Converged in 15 iterations (1675.79 sec)
Loglikelihood: -62350276.412599
Fst divergences between estimated populations: 
	Pop0	Pop1	
Pop0	
Pop1	0.092	
Pop2	0.066	0.077	
CV error (K=3): 0.25277
Writing output files.
