****                   ADMIXTURE Version 1.3.0                  ****
****                    Copyright 2008-2015                     ****
****           David Alexander, Suyash Shringarpure,            ****
****                John  Novembre, Ken Lange                   ****
****                                                            ****
****                 Please cite our paper!                     ****
****   Information at www.genetics.ucla.edu/software/admixture  ****

Cross-validation will be performed.  Folds=3.
Parallel execution requested.  Will use 2 threads.
Random seed: 43
Point estimation method: Block relaxation algorithm
Convergence acceleration algorithm: QuasiNewton, 3 secant conditions
Point estimation will terminate when objective function delta < 0.0001
Estimation of standard errors disabled; will compute point estimates only.
Size of G: 2309x61715
Performing five EM steps to prime main algorithm
1 (EM) 	Elapsed: 84.578	Loglikelihood: -7.2611e+07	(delta): 1.36899e+08
2 (EM) 	Elapsed: 87.07	Loglikelihood: -6.87934e+07	(delta): 3.81766e+06
3 (EM) 	Elapsed: 86.843	Loglikelihood: -6.83096e+07	(delta): 483783
4 (EM) 	Elapsed: 86.368	Loglikelihood: -6.80686e+07	(delta): 240990
5 (EM) 	Elapsed: 83.611	Loglikelihood: -6.78914e+07	(delta): 177130
Initial loglikelihood: -6.78914e+07
Starting main algorithm
1 (QN/Block) 	Elapsed: 178.358	Loglikelihood: -6.31092e+07	(delta): 4.78222e+06
2 (QN/Block) 	Elapsed: 177.648	Loglikelihood: -6.2061e+07	(delta): 1.04818e+06
3 (QN/Block) 	Elapsed: 187.829	Loglikelihood: -6.17807e+07	(delta): 280352
4 (QN/Block) 	Elapsed: 184.227	Loglikelihood: -6.16392e+07	(delta): 141503
5 (QN/Block) 	Elapsed: 184.8	Loglikelihood: -6.16048e+07	(delta): 34359.4
6 (QN/Block) 	Elapsed: 189.93	Loglikelihood: -6.15884e+07	(delta): 16423.1
7 (QN/Block) 	Elapsed: 186.149	Loglikelihood: -6.15794e+07	(delta): 8998.28
8 (QN/Block) 	Elapsed: 188.589	Loglikelihood: -6.1566e+07	(delta): 13418.8
9 (QN/Block) 	Elapsed: 189.995	Loglikelihood: -6.1553e+07	(delta): 13003
10 (QN/Block) 	Elapsed: 191.226	Loglikelihood: -6.15428e+07	(delta): 10190.7
11 (QN/Block) 	Elapsed: 193.511	Loglikelihood: -6.15368e+07	(delta): 5987.24
12 (QN/Block) 	Elapsed: 185.682	Loglikelihood: -6.15307e+07	(delta): 6100.39
13 (QN/Block) 	Elapsed: 186.103	Loglikelihood: -6.15263e+07	(delta): 4386.27
14 (QN/Block) 	Elapsed: 189.131	Loglikelihood: -6.15208e+07	(delta): 5488.85
15 (QN/Block) 	Elapsed: 196.377	Loglikelihood: -6.15172e+07	(delta): 3643.3
16 (QN/Block) 	Elapsed: 196.322	Loglikelihood: -6.15116e+07	(delta): 5556.68
17 (QN/Block) 	Elapsed: 196.085	Loglikelihood: -6.14971e+07	(delta): 14578.8
18 (QN/Block) 	Elapsed: 197.788	Loglikelihood: -6.14796e+07	(delta): 17495.9
19 (QN/Block) 	Elapsed: 189.676	Loglikelihood: -6.14707e+07	(delta): 8864.45
20 (QN/Block) 	Elapsed: 193.601	Loglikelihood: -6.14665e+07	(delta): 4181.87
21 (QN/Block) 	Elapsed: 197.688	Loglikelihood: -6.14647e+07	(delta): 1856.5
22 (QN/Block) 	Elapsed: 185.785	Loglikelihood: -6.14637e+07	(delta): 944.647
23 (QN/Block) 	Elapsed: 185.027	Loglikelihood: -6.14632e+07	(delta): 516.343
24 (QN/Block) 	Elapsed: 185.85	Loglikelihood: -6.14628e+07	(delta): 395.173
25 (QN/Block) 	Elapsed: 187.693	Loglikelihood: -6.14625e+07	(delta): 305.693
26 (QN/Block) 	Elapsed: 184.091	Loglikelihood: -6.1462e+07	(delta): 534.389
27 (QN/Block) 	Elapsed: 186.615	Loglikelihood: -6.14617e+07	(delta): 234.491
28 (QN/Block) 	Elapsed: 188.673	Loglikelihood: -6.14615e+07	(delta): 192.794
29 (QN/Block) 	Elapsed: 182.859	Loglikelihood: -6.14615e+07	(delta): 42.0305
30 (QN/Block) 	Elapsed: 180.452	Loglikelihood: -6.14615e+07	(delta): 11.3259
31 (QN/Block) 	Elapsed: 181.901	Loglikelihood: -6.14615e+07	(delta): 5.59376
32 (QN/Block) 	Elapsed: 181.612	Loglikelihood: -6.14615e+07	(delta): 3.72065
33 (QN/Block) 	Elapsed: 181.234	Loglikelihood: -6.14615e+07	(delta): 0.883251
34 (QN/Block) 	Elapsed: 181.552	Loglikelihood: -6.14615e+07	(delta): 0.453168
35 (QN/Block) 	Elapsed: 181.783	Loglikelihood: -6.14615e+07	(delta): 0.183569
36 (QN/Block) 	Elapsed: 181.788	Loglikelihood: -6.14615e+07	(delta): 0.0809552
37 (QN/Block) 	Elapsed: 182.527	Loglikelihood: -6.14615e+07	(delta): 0.121906
38 (QN/Block) 	Elapsed: 182.427	Loglikelihood: -6.14615e+07	(delta): 0.0162222
39 (QN/Block) 	Elapsed: 181.286	Loglikelihood: -6.14615e+07	(delta): 0.00281897
40 (QN/Block) 	Elapsed: 182.86	Loglikelihood: -6.14615e+07	(delta): 0.000261106
41 (QN/Block) 	Elapsed: 181.336	Loglikelihood: -6.14615e+07	(delta): 0.000295304
42 (QN/Block) 	Elapsed: 181.916	Loglikelihood: -6.14615e+07	(delta): 5.4121e-05
Summary: 
Converged in 42 iterations (8434.62 sec)
Loglikelihood: -61461473.145759
Fst divergences between estimated populations: 
	Pop0	Pop1	Pop2	Pop3	Pop4	Pop5	Pop6	
Pop0	
Pop1	0.092	
Pop2	0.168	0.124	
Pop3	0.096	0.041	0.119	
Pop4	0.083	0.057	0.141	0.072	
Pop5	0.103	0.041	0.119	0.020	0.072	
Pop6	0.126	0.082	0.084	0.088	0.096	0.082	
Pop7	0.126	0.081	0.089	0.086	0.094	0.079	0.018	
CV error (K=8): 0.24898
Writing output files.
