****                   ADMIXTURE Version 1.3.0                  ****
****                    Copyright 2008-2015                     ****
****           David Alexander, Suyash Shringarpure,            ****
****                John  Novembre, Ken Lange                   ****
****                                                            ****
****                 Please cite our paper!                     ****
****   Information at www.genetics.ucla.edu/software/admixture  ****

Cross-validation will be performed.  Folds=3.
Random seed: 43
Point estimation method: Block relaxation algorithm
Convergence acceleration algorithm: QuasiNewton, 3 secant conditions
Point estimation will terminate when objective function delta < 0.0001
Estimation of standard errors disabled; will compute point estimates only.
Size of G: 2309x5000
Performing five EM steps to prime main algorithm
1 (EM) 	Elapsed: 3.779	Loglikelihood: -5.80762e+06	(delta): 1.22409e+07
2 (EM) 	Elapsed: 3.762	Loglikelihood: -5.52442e+06	(delta): 283200
3 (EM) 	Elapsed: 3.737	Loglikelihood: -5.47617e+06	(delta): 48247.1
4 (EM) 	Elapsed: 3.829	Loglikelihood: -5.44894e+06	(delta): 27227
5 (EM) 	Elapsed: 3.743	Loglikelihood: -5.43047e+06	(delta): 18470.6
Initial loglikelihood: -5.43047e+06
Starting main algorithm
1 (QN/Block) 	Elapsed: 8.985	Loglikelihood: -5.10969e+06	(delta): 320785
2 (QN/Block) 	Elapsed: 8.775	Loglikelihood: -5.02506e+06	(delta): 84628.8
3 (QN/Block) 	Elapsed: 9.838	Loglikelihood: -4.98803e+06	(delta): 37028
4 (QN/Block) 	Elapsed: 10.74	Loglikelihood: -4.96976e+06	(delta): 18274.1
5 (QN/Block) 	Elapsed: 10.611	Loglikelihood: -4.96501e+06	(delta): 4743.61
6 (QN/Block) 	Elapsed: 9.57	Loglikelihood: -4.96396e+06	(delta): 1055.82
7 (QN/Block) 	Elapsed: 9.801	Loglikelihood: -4.96293e+06	(delta): 1024.91
8 (QN/Block) 	Elapsed: 10.36	Loglikelihood: -4.96209e+06	(delta): 847.447
9 (QN/Block) 	Elapsed: 9.702	Loglikelihood: -4.96131e+06	(delta): 776.921
10 (QN/Block) 	Elapsed: 9.478	Loglikelihood: -4.96075e+06	(delta): 561.941
11 (QN/Block) 	Elapsed: 9.499	Loglikelihood: -4.96016e+06	(delta): 591.361
12 (QN/Block) 	Elapsed: 9.911	Loglikelihood: -4.95986e+06	(delta): 296.714
13 (QN/Block) 	Elapsed: 9.471	Loglikelihood: -4.95972e+06	(delta): 138.562
14 (QN/Block) 	Elapsed: 9.543	Loglikelihood: -4.95964e+06	(delta): 81.1088
15 (QN/Block) 	Elapsed: 9.691	Loglikelihood: -4.95961e+06	(delta): 31.1839
16 (QN/Block) 	Elapsed: 9.488	Loglikelihood: -4.9596e+06	(delta): 7.25535
17 (QN/Block) 	Elapsed: 9.564	Loglikelihood: -4.9596e+06	(delta): 0.474641
18 (QN/Block) 	Elapsed: 9.871	Loglikelihood: -4.9596e+06	(delta): 0.0625881
19 (QN/Block) 	Elapsed: 9.438	Loglikelihood: -4.9596e+06	(delta): 0.0106408
20 (QN/Block) 	Elapsed: 9.445	Loglikelihood: -4.9596e+06	(delta): 0.00030248
21 (QN/Block) 	Elapsed: 9.606	Loglikelihood: -4.9596e+06	(delta): 0.000166814
22 (QN/Block) 	Elapsed: 9.471	Loglikelihood: -4.9596e+06	(delta): 5.60526e-05
Summary: 
Converged in 22 iterations (243.112 sec)
Loglikelihood: -4959600.651764
Fst divergences between estimated populations: 
	Pop0	Pop1	Pop2	
Pop0	
Pop1	0.101	
Pop2	0.129	0.081	
Pop3	0.089	0.068	0.096	
CV error (K=4): 0.24805
Writing output files.
